<?xml version="1.0" encoding="UTF-8"?>
<testng-results ignored="0" total="2" passed="2" failed="0" skipped="0">
  <reporter-output>
  </reporter-output>
  <suite started-at="2021-12-30T09:21:19Z" name="Default suite" finished-at="2021-12-30T09:21:19Z" duration-ms="111">
    <groups>
    </groups>
    <test started-at="2021-12-30T09:21:19Z" name="Default test" finished-at="2021-12-30T09:21:19Z" duration-ms="111">
      <class name="com.crm.Demo.Orgnization.orgTest">
        <test-method signature="createOrg()[pri:0, instance:com.crm.Demo.Orgnization.orgTest@3eb77ea8]" started-at="2021-12-30T09:21:19Z" name="createOrg" finished-at="2021-12-30T09:21:19Z" duration-ms="15" status="PASS">
          <reporter-output>
          </reporter-output>
        </test-method> <!-- createOrg -->
        <test-method signature="deleteOrg()[pri:0, instance:com.crm.Demo.Orgnization.orgTest@3eb77ea8]" started-at="2021-12-30T09:21:19Z" name="deleteOrg" finished-at="2021-12-30T09:21:19Z" duration-ms="6" status="PASS">
          <reporter-output>
          </reporter-output>
        </test-method> <!-- deleteOrg -->
      </class> <!-- com.crm.Demo.Orgnization.orgTest -->
    </test> <!-- Default test -->
  </suite> <!-- Default suite -->
</testng-results>
